Inicio del programa.
Inicio de sesion: ejemplo@gmail.com Tue Nov 12 08:38:56 CET 2019
Fin del programa.

Inicio del programa.
Inicio de sesion: ejemplo@gmail.com Tue Nov 12 08:57:43 CET 2019
Fin del programa.

Inicio del programa.
Inicio de sesion: ejemplo@gmail.com Tue Nov 12 08:58:35 CET 2019
Fin del programa.

Inicio del programa.
Inicio de sesion: ejemplo@gmail.com Tue Nov 12 08:58:52 CET 2019
Fin del programa.

Inicio del programa.
Inicio de sesion: ejemplo@gmail.com Tue Nov 12 08:59:08 CET 2019
Fin del programa.

Inicio del programa.
Inicio de sesion: ejemplo@gmail.com Tue Nov 12 08:59:28 CET 2019
Fin del programa.

Inicio del programa.
Fin del programa.

Inicio del programa.
Inicio de sesion: ejemplo@gmail.com Tue Nov 12 09:02:19 CET 2019
Fin del programa.

Inicio del programa.
Inicio de sesion: ejemplo@gmail.com Tue Nov 12 09:07:11 CET 2019
Fin del programa.

Inicio del programa.
Fin del programa.

Inicio del programa.
Inicio de sesion: ejemplo@gmail.com Tue Nov 12 09:07:37 CET 2019
Fin del programa.

Inicio del programa.
Fin del programa.

Inicio del programa.
Inicio de sesion: ejemplo@gmail.com Wed Nov 13 11:43:20 CET 2019
Añade vestimenta, tiempo: Nublado, estilo: ClasicoF, color: Rojo
Fin del programa.

Inicio del programa.
Creacion de cuenta: Wed Nov 13 11:46:13 CET 2019
Nombre:nombre, Email:ejemplo@gmail.com, Edad:18, Genero:Masculino
Gustos:  formalM  casualChickM 
Fin del programa.

Inicio del programa.
Inicio de sesion: ejemplo@gmail.com Thu Nov 14 09:22:54 CET 2019
Añade vestimenta, tiempo: Lluvia, estilo: ClasicoF, color: Rojo
Añade vestimenta, tiempo: Lluvia, estilo: ClasicoF, color: Rojo
Añade vestimenta, tiempo: Lluvia, estilo: ClasicoF, color: Rojo
Inicio del programa.
Fin del programa.

Inicio de sesion: ejemplo@gmail.com Thu Nov 14 09:23:59 CET 2019
Añade vestimenta, tiempo: Lluvia, estilo: ClasicoF, color: Rojo
Fin del programa.

Inicio del programa.
Inicio de sesion: ejemplo@gmail.com Thu Nov 14 09:25:09 CET 2019
Añade vestimenta, tiempo: Nublado, estilo: ClasicoF, color: Rojo
Fin del programa.

Inicio del programa.
Inicio de sesion: ejemplo@gmail.com Thu Nov 14 09:25:30 CET 2019
Añade vestimenta, tiempo: Lluvia, estilo: ClasicoF, color: Rojo
Pide Outfit, tiempo: Nublado, estilo: No
Añade vestimenta, tiempo: Nublado, estilo: ClasicoF, color: Rojo
Fin del programa.

Inicio del programa.
Inicio de sesion: ejemplo@gmail.com Thu Nov 14 09:39:19 CET 2019
Fin del programa.

Inicio del programa.
Fin del programa.

Inicio del programa.
Inicio de sesion: ejemplo@gmail.com Thu Nov 14 09:40:50 CET 2019
Añade vestimenta, tiempo: Lluvia, estilo: ClasicoF, color: Rojo
Fin del programa.

Inicio del programa.
Inicio de sesion: ejemplo@gmail.com Thu Nov 14 09:45:01 CET 2019
Añade vestimenta, tiempo: Lluvia, estilo: ClasicoF, color: Rojo
wp.jpg
Fin del programa.

Inicio del programa.
Inicio de sesion: ejemplo@gmail.com Thu Nov 14 09:45:53 CET 2019
Añade vestimenta, tiempo: Nublado, estilo: ClasicoF, color: Rojo
Fin del programa.

Inicio del programa.
Inicio de sesion: ejemplo@gmail.com Thu Nov 14 09:48:44 CET 2019
Añade vestimenta, tiempo: Sol, estilo: ClasicoF, color: Rojo
Archivo de prenda añadida: Captura de pantalla (162).png
Fin del programa.

Inicio del programa.
Inicio de sesion: ejemplo@gmail.com Thu Nov 14 09:50:40 CET 2019
Añade vestimenta, tiempo: Sol, estilo: UrbanaF, color: Negro
Archivo de prenda añadida: JS7.PNG
Fin del programa.

Inicio del programa.
Inicio de sesion: ejemplo@gmail.com Thu Nov 14 10:11:43 CET 2019
Añade vestimenta, tiempo: Lluvia, estilo: ClasicoF, color: Rojo
Archivo de prenda añadida: wp.jpg
Fin del programa.

